Detecting C compiler ABI info failed to compile with the following output:
Change Dir: C:/Users/User/source/repos/milko/Server/sqlite_orm-master/out/build/x64-Debug/CMakeFiles/CMakeTmp

Run Build Command(s):C:/Program Files (x86)/Microsoft Visual Studio/2019/Community/Common7/IDE/CommonExtensions/Microsoft/CMake/Ninja/ninja.exe cmTC_47c15 && [1/2] Building C object CMakeFiles\cmTC_47c15.dir\CMakeCCompilerABI.c.obj
[2/2] Linking C executable cmTC_47c15.exe
FAILED: cmTC_47c15.exe 
cmd.exe /C "cd . && "C:\Program Files (x86)\Microsoft Visual Studio\2019\Community\Common7\IDE\CommonExtensions\Microsoft\CMake\CMake\bin\cmake.exe" -E vs_link_exe --intdir=CMakeFiles\cmTC_47c15.dir --rc="D:\Windows Kits\10\bin\10.0.19041.0\x64\rc.exe" --mt=C:\PROGRA~2\WI3CF2~1\10\bin\100183~1.0\x64\mt.exe --manifests  -- C:\PROGRA~2\MIB055~1\2019\COMMUN~1\VC\Tools\MSVC\1429~1.301\bin\Hostx64\x64\link.exe /nologo CMakeFiles\cmTC_47c15.dir\CMakeCCompilerABI.c.obj  /out:cmTC_47c15.exe /implib:cmTC_47c15.lib /pdb:cmTC_47c15.pdb /version:0.0 /machine:x64  /debug /INCREMENTAL /subsystem:console  kernel32.lib user32.lib gdi32.lib winspool.lib shell32.lib ole32.lib oleaut32.lib uuid.lib comdlg32.lib advapi32.lib && cd ."
RC Pass 1: command "D:\Windows Kits\10\bin\10.0.19041.0\x64\rc.exe /fo CMakeFiles\cmTC_47c15.dir/manifest.res CMakeFiles\cmTC_47c15.dir/manifest.rc" failed (exit code 0) with the following output:
Не удается найти указанный файл
ninja: build stopped: subcommand failed.




Determining if the C compiler works failed with the following output:
Change Dir: C:/Users/User/source/repos/milko/Server/sqlite_orm-master/out/build/x64-Debug/CMakeFiles/CMakeTmp

Run Build Command(s):C:/Program Files (x86)/Microsoft Visual Studio/2019/Community/Common7/IDE/CommonExtensions/Microsoft/CMake/Ninja/ninja.exe cmTC_51b23 && [1/2] Building C object CMakeFiles\cmTC_51b23.dir\testCCompiler.c.obj
[2/2] Linking C executable cmTC_51b23.exe
FAILED: cmTC_51b23.exe 
cmd.exe /C "cd . && "C:\Program Files (x86)\Microsoft Visual Studio\2019\Community\Common7\IDE\CommonExtensions\Microsoft\CMake\CMake\bin\cmake.exe" -E vs_link_exe --intdir=CMakeFiles\cmTC_51b23.dir --rc="D:\Windows Kits\10\bin\10.0.19041.0\x64\rc.exe" --mt=C:\PROGRA~2\WI3CF2~1\10\bin\100183~1.0\x64\mt.exe --manifests  -- C:\PROGRA~2\MIB055~1\2019\COMMUN~1\VC\Tools\MSVC\1429~1.301\bin\Hostx64\x64\link.exe /nologo CMakeFiles\cmTC_51b23.dir\testCCompiler.c.obj  /out:cmTC_51b23.exe /implib:cmTC_51b23.lib /pdb:cmTC_51b23.pdb /version:0.0 /machine:x64  /debug /INCREMENTAL /subsystem:console  kernel32.lib user32.lib gdi32.lib winspool.lib shell32.lib ole32.lib oleaut32.lib uuid.lib comdlg32.lib advapi32.lib && cd ."
RC Pass 1: command "D:\Windows Kits\10\bin\10.0.19041.0\x64\rc.exe /fo CMakeFiles\cmTC_51b23.dir/manifest.res CMakeFiles\cmTC_51b23.dir/manifest.rc" failed (exit code 0) with the following output:
Не удается найти указанный файл
ninja: build stopped: subcommand failed.



